<?xml version="1.0" encoding="UTF-8"?>
<robot generator="Robot 5.0.1 (Python 3.10.4 on darwin)" generated="20220525 22:45:16.819" rpa="false" schemaversion="3">
<suite id="s1" name="Robot Interactive Console" source="/Users/gabriellima/.vscode/extensions/robocorp.robotframework-lsp-0.47.2/src/robotframework_ls/vendored/robotframework_interactive/robot_interactive_console.robot">
<test id="s1-t1" name="Default Task/Test" line="5">
<kw name="Interpreter Main Loop" library="MainLoop">
<status status="PASS" starttime="20220525 22:45:16.828" endtime="20220525 22:45:24.255"/>
</kw>
<status status="PASS" starttime="20220525 22:45:16.828" endtime="20220525 22:45:24.255"/>
</test>
<status status="PASS" starttime="20220525 22:45:16.820" endtime="20220525 22:45:24.256"/>
</suite>
<statistics>
<total>
<stat pass="1" fail="0" skip="0">All Tests</stat>
</total>
<tag>
</tag>
<suite>
<stat pass="1" fail="0" skip="0" id="s1" name="Robot Interactive Console">Robot Interactive Console</stat>
</suite>
</statistics>
<errors>
</errors>
</robot>
